
DB: postgresql+psycopg2://airflow:***@hsg-data-labs-airflow-db.hsg-data-labs-dev.svc.cluster.local:5432/airflow
[2021-02-04 23:18:50,977] {db.py:378} INFO - Creating tables
INFO  [alembic.runtime.migration] Context impl PostgresqlImpl.
INFO  [alembic.runtime.migration] Will assume transactional DDL.
/usr/local/lib/python3.7/site-packages/airflow/kubernetes/pod_generator.py:39: DeprecationWarning: This module is deprecated. Please use `airflow.kubernetes.pod`.
  from airflow.contrib.kubernetes.pod import _extract_volume_mounts
/usr/local/lib/python3.7/site-packages/airflow/models/dag.py:1342: PendingDeprecationWarning: The requested task could not be added to the DAG because a task with task_id create_tag_template_field_result is already in the DAG. Starting in Airflow 2.0, trying to overwrite a task will raise an exception.
  category=PendingDeprecationWarning)
Done.
  ____________       _____________
 ____    |__( )_________  __/__  /________      __
____  /| |_  /__  ___/_  /_ __  /_  __ \_ | /| / /
___  ___ |  / _  /   _  __/ _  / / /_/ /_ |/ |/ /
 _/_/  |_/_/  /_/    /_/    /_/  \____/____/|__/
/usr/local/lib/python3.7/site-packages/airflow/kubernetes/pod_generator.py:39: DeprecationWarning: This module is deprecated. Please use `airflow.kubernetes.pod`.
  from airflow.contrib.kubernetes.pod import _extract_volume_mounts
[2021-02-04 23:18:58,330] {__init__.py:50} INFO - Using executor KubernetesExecutor
[2021-02-04 23:18:58,352] {scheduler_job.py:1367} INFO - Starting the scheduler
[2021-02-04 23:18:58,352] {scheduler_job.py:1375} INFO - Running execute loop for -1 seconds
[2021-02-04 23:18:58,353] {scheduler_job.py:1376} INFO - Processing each file at most -1 times
[2021-02-04 23:18:58,353] {scheduler_job.py:1379} INFO - Searching for files in /home/airflow/dags
[2021-02-04 23:18:58,363] {scheduler_job.py:1381} INFO - There are 26 files in /home/airflow/dags
[2021-02-04 23:18:58,364] {kubernetes_executor.py:770} INFO - Start Kubernetes executor
[2021-02-04 23:18:58,484] {kubernetes_executor.py:302} INFO - Event: and now my watch begins starting at resource_version: 0
[2021-02-04 23:18:58,489] {kubernetes_executor.py:698} INFO - When executor started up, found 1 queued task instances
[2021-02-04 23:18:58,544] {scheduler_job.py:1438} INFO - Resetting orphaned tasks for active dag runs
[2021-02-04 23:18:58,549] {kubernetes_executor.py:327} INFO - Event: tutorialprintdate-66b641e70ed54f6f8bdac30e8e7547b1 had an event of type ADDED
[2021-02-04 23:18:58,549] {kubernetes_executor.py:374} INFO - Event: tutorialprintdate-66b641e70ed54f6f8bdac30e8e7547b1 Succeeded
[2021-02-04 23:18:58,553] {kubernetes_executor.py:327} INFO - Event: tutorialprintdate-75c11fc549ed4c79bb8b4127684b56af had an event of type ADDED
[2021-02-04 23:18:58,554] {kubernetes_executor.py:374} INFO - Event: tutorialprintdate-75c11fc549ed4c79bb8b4127684b56af Succeeded
[2021-02-04 23:18:58,558] {kubernetes_executor.py:327} INFO - Event: tutorialprintdate-96ef4a26aa354042bedc84adc97d17d9 had an event of type ADDED
[2021-02-04 23:18:58,558] {kubernetes_executor.py:374} INFO - Event: tutorialprintdate-96ef4a26aa354042bedc84adc97d17d9 Succeeded
[2021-02-04 23:18:58,561] {kubernetes_executor.py:327} INFO - Event: tutorialsleep-512f2fcf700b4d42aa546839daa6907d had an event of type ADDED
[2021-02-04 23:18:58,561] {kubernetes_executor.py:374} INFO - Event: tutorialsleep-512f2fcf700b4d42aa546839daa6907d Succeeded
[2021-02-04 23:18:58,568] {kubernetes_executor.py:327} INFO - Event: tutorialprintdate-df89a17feeb34a708ffea257afc54785 had an event of type ADDED
[2021-02-04 23:18:58,569] {kubernetes_executor.py:374} INFO - Event: tutorialprintdate-df89a17feeb34a708ffea257afc54785 Succeeded
[2021-02-04 23:18:58,572] {kubernetes_executor.py:327} INFO - Event: tutorialprintdate-c58f4b425a424b8fb8a5513ab0c41b93 had an event of type ADDED
[2021-02-04 23:18:58,572] {kubernetes_executor.py:374} INFO - Event: tutorialprintdate-c58f4b425a424b8fb8a5513ab0c41b93 Succeeded
[2021-02-04 23:18:58,574] {base_job.py:313} INFO - Reset the following 1 TaskInstances:
	<TaskInstance: test_pod_xcom.write-xcom 2021-02-04 22:34:12.370463+00:00 [None]>
[2021-02-04 23:18:58,576] {kubernetes_executor.py:327} INFO - Event: tutorialtemplated-cc143472c7344b138938b9f5a8732095 had an event of type ADDED
[2021-02-04 23:18:58,576] {kubernetes_executor.py:374} INFO - Event: tutorialtemplated-cc143472c7344b138938b9f5a8732095 Succeeded
[2021-02-04 23:18:58,581] {dag_processing.py:562} INFO - Launched DagFileProcessorManager with pid: 51
[2021-02-04 23:18:58,583] {kubernetes_executor.py:327} INFO - Event: tutorialtemplated-43cabe11f5f746f1acc1a47b7a5268a8 had an event of type ADDED
[2021-02-04 23:18:58,583] {kubernetes_executor.py:374} INFO - Event: tutorialtemplated-43cabe11f5f746f1acc1a47b7a5268a8 Succeeded
[2021-02-04 23:18:58,586] {kubernetes_executor.py:499} INFO - Attempting to finish pod; pod_id: tutorialprintdate-66b641e70ed54f6f8bdac30e8e7547b1; state: None; labels: {'airflow-worker': '2a69e920-c066-4cf4-9310-ce4a101776fa', 'airflow_version': '1.10.12', 'dag_id': 'tutorial', 'execution_date': '2021-01-30T00_00_00_plus_00_00', 'kubernetes_executor': 'True', 'task_id': 'print_date', 'try_number': '1'}
[2021-02-04 23:18:58,597] {kubernetes_executor.py:327} INFO - Event: testpodxcomwritexcom-374118354d6c4f03a15c937bc7a42de0 had an event of type ADDED
[2021-02-04 23:18:58,598] {kubernetes_executor.py:371} INFO - Event: testpodxcomwritexcom-374118354d6c4f03a15c937bc7a42de0 Failed
[2021-02-04 23:18:58,601] {settings.py:55} INFO - Configured default timezone <Timezone [UTC]>
[2021-02-04 23:18:58,602] {kubernetes_executor.py:327} INFO - Event: tutorialprintdate-e1b95619d24d44b9aebadf47e44f8f47 had an event of type ADDED
[2021-02-04 23:18:58,602[] {2021-02-04 23:18:58,602kubernetes_executor.py:] {599} INFOkubernetes_executor.py: - Found matching task 374} INFOtutorial - Event: -tutorialprintdate-e1b95619d24d44b9aebadf47e44f8f47print_date Succeeded (
2021-01-30 00:00:00+00:00) with current state of success
[2021-02-04 23:18:58,605] {kubernetes_executor.py:327} INFO - Event: tutorialtemplated-dc9243009bf942bebea8e01aef85a864 had an event of type ADDED
[2021-02-04 23:18:58,605] {kubernetes_executor.py:374} INFO - Event: tutorialtemplated-dc9243009bf942bebea8e01aef85a864 Succeeded
[2021-02-04 23:18:58,606] {kubernetes_executor.py:499} INFO - Attempting to finish pod; pod_id: tutorialprintdate-75c11fc549ed4c79bb8b4127684b56af; state: None; labels: {'airflow-worker': '2a69e920-c066-4cf4-9310-ce4a101776fa', 'airflow_version': '1.10.12', 'dag_id': 'tutorial', 'execution_date': '2021-01-26T00_00_00_plus_00_00', 'kubernetes_executor': 'True', 'task_id': 'print_date', 'try_number': '1'}
[2021-02-04 23:18:58,608] {kubernetes_executor.py:327} INFO - Event: testpodxcomwritexcom-fde44d239a8c4546b8e68135da21d1fc had an event of type ADDED
[2021-02-04 23:18:58,609] {kubernetes_executor.py:369} INFO - Event: testpodxcomwritexcom-fde44d239a8c4546b8e68135da21d1fc Pending
[2021-02-04 23:18:58,611] {kubernetes_executor.py:327} INFO - Event: tutorialprintdate-36c8f5f38c7449d1a5a28deb9206b985 had an event of type ADDED
[2021-02-04 23:18:58,612] {kubernetes_executor.py:374} INFO - Event: tutorialprintdate-36c8f5f38c7449d1a5a28deb9206b985 Succeeded
[[2021-02-04 23:18:58,615] {kubernetes_executor.py:599} INFO - Found matching task tutorial-print_date (2021-01-26 00:00:00+00:00) with current state of success
2021-02-04 23:18:58,614] {kubernetes_executor.py:327} INFO - Event: tutorialsleep-4e88bb73086f411699d0f1fc9b0cfe81 had an event of type ADDED
[2021-02-04 23:18:58,617] {kubernetes_executor.py:374} INFO - Event: tutorialsleep-4e88bb73086f411699d0f1fc9b0cfe81 Succeeded
[2021-02-04 23:18:58,626] {kubernetes_executor.py:327} INFO - Event: tutorialsleep-685d216aab254e12bb8be38debd52264 had an event of type ADDED
[2021-02-04 23:18:58,626] {kubernetes_executor.py:374} INFO - Event: tutorialsleep-685d216aab254e12bb8be38debd52264 Succeeded
[2021-02-04 23:18:58,626] {kubernetes_executor.py:499} INFO - Attempting to finish pod; pod_id: tutorialprintdate-96ef4a26aa354042bedc84adc97d17d9; state: None; labels: {'airflow-worker': '2a69e920-c066-4cf4-9310-ce4a101776fa', 'airflow_version': '1.10.12', 'dag_id': 'tutorial', 'execution_date': '2021-01-23T00_00_00_plus_00_00', 'kubernetes_executor': 'True', 'task_id': 'print_date', 'try_number': '1'}
[2021-02-04 23:18:58,630] {kubernetes_executor.py:327} INFO - Event: tutorialsleep-e721b6bbbcef48fab96f52bb1ac0a246 had an event of type ADDED
[2021-02-04 23:18:58,630] {kubernetes_executor.py:374} INFO - Event: tutorialsleep-e721b6bbbcef48fab96f52bb1ac0a246 Succeeded
[2021-02-04 23:18:58,633] {kubernetes_executor.py:327} INFO - Event: tutorialprintdate-4a3ddf3c4180422ebd1141e9c90cd678 had an event of type ADDED
[2021-02-04 23:18:58,633] {kubernetes_executor.py:374} INFO - Event: tutorialprintdate-4a3ddf3c4180422ebd1141e9c90cd678 Succeeded
[2021-02-04 23:18:58,634] {kubernetes_executor.py:599} INFO - Found matching task tutorial-print_date (2021-01-23 00:00:00+00:00) with current state of success
[2021-02-04 23:18:58,635] {kubernetes_executor.py:327} INFO - Event: tutorialtemplated-e6b645496a674fa7806d1d3f402a5d31 had an event of type ADDED
[2021-02-04 23:18:58,636] {kubernetes_executor.py:374} INFO - Event: tutorialtemplated-e6b645496a674fa7806d1d3f402a5d31 Succeeded
[2021-02-04 23:18:58,637] {kubernetes_executor.py:499} INFO - Attempting to finish pod; pod_id: tutorialsleep-512f2fcf700b4d42aa546839daa6907d; state: None; labels: {'airflow-worker': '2a69e920-c066-4cf4-9310-ce4a101776fa', 'airflow_version': '1.10.12', 'dag_id': 'tutorial', 'execution_date': '2021-01-28T00_00_00_plus_00_00', 'kubernetes_executor': 'True', 'task_id': 'sleep', 'try_number': '1'}
[2021-02-04 23:18:58,639] {kubernetes_executor.py:327} INFO - Event: testpodxcomwritexcom-e946f6445e1e44a6b8f8268028851e77 had an event of type ADDED
[2021-02-04 23:18:58,639] {kubernetes_executor.py:371} INFO - Event: testpodxcomwritexcom-e946f6445e1e44a6b8f8268028851e77 Failed
[2021-02-04 23:18:58,641] {kubernetes_executor.py:599} INFO - Found matching task tutorial-sleep (2021-01-28 00:00:00+00:00) with current state of success
[2021-02-04 23:18:58,642] {kubernetes_executor.py:327} INFO - Event: tutorialprintdate-c619c58e67eb449499f37d5190d7ef7f had an event of type ADDED
[2021-02-04 23:18:58,642] {kubernetes_executor.py:374} INFO - Event: tutorialprintdate-c619c58e67eb449499f37d5190d7ef7f Succeeded
[2021-02-04 23:18:58,643] {kubernetes_executor.py:499} INFO - Attempting to finish pod; pod_id: tutorialprintdate-df89a17feeb34a708ffea257afc54785; state: None; labels: {'airflow-worker': '2a69e920-c066-4cf4-9310-ce4a101776fa', 'airflow_version': '1.10.12', 'dag_id': 'tutorial', 'execution_date': '2021-02-02T00_00_00_plus_00_00', 'kubernetes_executor': 'True', 'task_id': 'print_date', 'try_number': '1'}
[2021-02-04 23:18:58,645] {kubernetes_executor.py:327} INFO - Event: tutorialsleep-1a5bf93297a24f07bcaeef9f18e37333 had an event of type ADDED
[2021-02-04 23:18:58,645] {kubernetes_executor.py:374} INFO - Event: tutorialsleep-1a5bf93297a24f07bcaeef9f18e37333 Succeeded
[2021-02-04 23:18:58,647] {kubernetes_executor.py:599} INFO - Found matching task tutorial-print_date (2021-02-02 00:00:00+00:00) with current state of success
[2021-02-04 23:18:58,648] {kubernetes_executor.py:327} INFO - Event: tutorialprintdate-065e7bf18ce745e59388617cdd2007fc had an event of type ADDED
[2021-02-04 23:18:58,648] {kubernetes_executor.py:374} INFO - Event: tutorialprintdate-065e7bf18ce745e59388617cdd2007fc Succeeded
[2021-02-04 23:18:58,650] {kubernetes_executor.py:499} INFO - Attempting to finish pod; pod_id: tutorialprintdate-c58f4b425a424b8fb8a5513ab0c41b93; state: None; labels: {'airflow-worker': '2a69e920-c066-4cf4-9310-ce4a101776fa', 'airflow_version': '1.10.12', 'dag_id': 'tutorial', 'execution_date': '2021-01-29T00_00_00_plus_00_00', 'kubernetes_executor': 'True', 'task_id': 'print_date', 'try_number': '1'}
[2021-02-04 23:18:58,652] {kubernetes_executor.py:327} INFO - Event: tutorialtemplated-135680618e6d465883ac20a8d9e75c8a had an event of type ADDED
[2021-02-04 23:18:58,652] {kubernetes_executor.py:374} INFO - Event: tutorialtemplated-135680618e6d465883ac20a8d9e75c8a Succeeded
[2021-02-04 23:18:58,654] {kubernetes_executor.py:599} INFO - Found matching task tutorial-print_date (2021-01-29 00:00:00+00:00) with current state of success
[2021-02-04 23:18:58,654] {kubernetes_executor.py:327} INFO - Event: testpodxcompodtaskxcomresult-e5af5e911e5b4b15aa47af0390c44962 had an event of type ADDED
[2021-02-04 23:18:58,655] {kubernetes_executor.py:371} INFO - Event: testpodxcompodtaskxcomresult-e5af5e911e5b4b15aa47af0390c44962 Failed
[2021-02-04 23:18:58,657] {kubernetes_executor.py:327} INFO - Event: tutorialsleep-f9695b24e2b347b384d2bf57d2bfabff had an event of type ADDED
[2021-02-04 23:18:58,657] {kubernetes_executor.py:374} INFO - Event: tutorialsleep-f9695b24e2b347b384d2bf57d2bfabff Succeeded
[2021-02-04 23:18:58,657] {kubernetes_executor.py:499} INFO - Attempting to finish pod; pod_id: tutorialtemplated-cc143472c7344b138938b9f5a8732095; state: None; labels: {'airflow-worker': '2a69e920-c066-4cf4-9310-ce4a101776fa', 'airflow_version': '1.10.12', 'dag_id': 'tutorial', 'execution_date': '2021-01-25T22_48_35.634785_plus_00_00', 'kubernetes_executor': 'True', 'task_id': 'templated', 'try_number': '1'}
[2021-02-04 23:18:58,662] {kubernetes_executor.py:599} INFO - Found matching task tutorial-templated (2021-01-25 22:48:35.634785+00:00) with current state of success
[2021-02-04 23:18:58,663] {kubernetes_executor.py:327} INFO - Event: tutorialtemplated-69a5ed27cabb4e0da8f932e755d749d3 had an event of type ADDED
[2021-02-04 23:18:58,664] {kubernetes_executor.py:374} INFO - Event: tutorialtemplated-69a5ed27cabb4e0da8f932e755d749d3 Succeeded
[2021-02-04 23:18:58,665] {kubernetes_executor.py:499} INFO - Attempting to finish pod; pod_id: tutorialtemplated-43cabe11f5f746f1acc1a47b7a5268a8; state: None; labels: {'airflow-worker': '2a69e920-c066-4cf4-9310-ce4a101776fa', 'airflow_version': '1.10.12', 'dag_id': 'tutorial', 'execution_date': '2021-01-28T00_00_00_plus_00_00', 'kubernetes_executor': 'True', 'task_id': 'templated', 'try_number': '1'}
[2021-02-04 23:18:58,667] {kubernetes_executor.py:327} INFO - Event: tutorialsleep-d4c7735523a74fec835f4e4b0e6d122d had an event of type ADDED
[2021-02-04 23:18:58,667] {kubernetes_executor.py:374} INFO - Event: tutorialsleep-d4c7735523a74fec835f4e4b0e6d122d Succeeded
[2021-02-04 23:18:58,670] {kubernetes_executor.py:327} INFO - Event: tutorialsleep-d8a3556ff9414d6f825b3297005c1258 had an event of type ADDED
[2021-02-04 23:18:58,670] {kubernetes_executor.py:[374} INFO - Event: 2021-02-04 23:18:58,670tutorialsleep-d8a3556ff9414d6f825b3297005c1258] { Succeededkubernetes_executor.py:
599} INFO - Found matching task tutorial-templated (2021-01-28 00:00:00+00:00) with current state of success
[2021-02-04 23:18:58,673] {kubernetes_executor.py:327} INFO - Event: tutorialsleep-4ad96e705ea1493eae1803e7c7918900 had an event of type ADDED
[2021-02-04 23:18:58,673] {kubernetes_executor.py:374} INFO - Event: tutorialsleep-4ad96e705ea1493eae1803e7c7918900 Succeeded
[2021-02-04 23:18:58,673] {kubernetes_executor.py:499} INFO - Attempting to finish pod; pod_id: testpodxcomwritexcom-374118354d6c4f03a15c937bc7a42de0; state: failed; labels: {'airflow-worker': '2a69e920-c066-4cf4-9310-ce4a101776fa', 'airflow_version': '1.10.12', 'dag_id': 'test_pod_xcom', 'execution_date': '2021-02-03T22_25_27.663999_plus_00_00', 'kubernetes_executor': 'True', 'task_id': 'write-xcom', 'try_number': '1'}
[2021-02-04 23:18:58,679] {kubernetes_executor.py:327} INFO - Event: tutorialsleep-f9caa1708f7c4ea98ac65359545e07a0 had an event of type ADDED
[2021-02-04 23:18:58,680] {kubernetes_executor.py:374} INFO - Event: tutorialsleep-f9caa1708f7c4ea98ac65359545e07a0 Succeeded
[2021-02-04 23:18:58,687] {kubernetes_executor.py:327} INFO - Event: tutorialtemplated-296ba9453dd04b7ab8a71bf940089053 had an event of type ADDED
[2021-02-04 23:18:58,688] {kubernetes_executor.py:374} INFO - Event: tutorialtemplated-296ba9453dd04b7ab8a71bf940089053 Succeeded
[2021-02-04 23:18:58,688] {kubernetes_executor.py:599} INFO - Found matching task test_pod_xcom-write-xcom (2021-02-03 22:25:27.663999+00:00) with current state of failed
[2021-02-04 23:18:58,691] {kubernetes_executor.py:327} INFO - Event: tutorialtemplated-6e6e861987fd4f2c92e56c3cbdef96c2 had an event of type ADDED
[2021-02-04 23:18:58,692] {kubernetes_executor.py:374} INFO - Event: tutorialtemplated-6e6e861987fd4f2c92e56c3cbdef96c2 Succeeded
[2021-02-04 23:18:58,695] {kubernetes_executor.py:327} INFO - Event: tutorialtemplated-fb16400633164ba2a5801e38f6612e17 had an event of type ADDED
[2021-02-04 23:18:58,695] {kubernetes_executor.py:374} INFO - Event: tutorialtemplated-fb16400633164ba2a5801e38f6612e17 Succeeded
[2021-02-04 23:18:58,706] {kubernetes_executor.py:499} INFO - Attempting to finish pod; pod_id: tutorialprintdate-e1b95619d24d44b9aebadf47e44f8f47; state: None; labels: {'airflow-worker': '2a69e920-c066-4cf4-9310-ce4a101776fa', 'airflow_version': '1.10.12', 'dag_id': 'tutorial', 'execution_date': '2021-02-03T00_00_00_plus_00_00', 'kubernetes_executor': 'True', 'task_id': 'print_date', 'try_number': '1'}
[2021-02-04 23:18:58,710] {kubernetes_executor.py:327} INFO - Event: tutorialsleep-d0152f9ea1e8402aa9f2bb0df2119619 had an event of type ADDED
[2021-02-04 23:18:58,711] {kubernetes_executor.py:374} INFO - Event: tutorialsleep-d0152f9ea1e8402aa9f2bb0df2119619 Succeeded
[2021-02-04 23:18:58,715] {kubernetes_executor.py:327} INFO - Event: tutorialprintdate-e4b6def7127a488cb70da299c92d9305 had an event of type ADDED
[2021-02-04 23:18:58,716] {kubernetes_executor.py:374} INFO - Event: tutorialprintdate-e4b6def7127a488cb70da299c92d9305 Succeeded
[2021-02-04 23:18:58,716] {kubernetes_executor.py:599} INFO - Found matching task tutorial-print_date (2021-02-03 00:00:00+00:00) with current state of success
[2021-02-04 23:18:58,721] {kubernetes_executor.py:327} INFO - Event: tutorialprintdate-d7ee8b81cc784e72a42b06116690f9bc had an event of type ADDED
[2021-02-04 23:18:58,721] {kubernetes_executor.py:374} INFO - Event: tutorialprintdate-d7ee8b81cc784e72a42b06116690f9bc Succeeded
[2021-02-04 23:18:58,724] {kubernetes_executor.py:327} INFO - Event: tutorialprintdate-ddbc508e46d5403c882ea1f93bc4f118 had an event of type ADDED
[2021-02-04 23:18:58,724] {kubernetes_executor.py:374} INFO - Event: tutorialprintdate-ddbc508e46d5403c882ea1f93bc4f118 Succeeded
[2021-02-04 23:18:58,722] {kubernetes_executor.py:499} INFO - Attempting to finish pod; pod_id: tutorialtemplated-dc9243009bf942bebea8e01aef85a864; state: None; labels: {'airflow-worker': '2a69e920-c066-4cf4-9310-ce4a101776fa', 'airflow_version': '1.10.12', 'dag_id': 'tutorial', 'execution_date': '2021-01-30T00_00_00_plus_00_00', 'kubernetes_executor': 'True', 'task_id': 'templated', 'try_number': '1'}
[2021-02-04 23:18:58,751] {kubernetes_executor.py:327} INFO - Event: tutorialtemplated-50b6adf2a5bf464eb66c1c45bc085562 had an event of type ADDED
[2021-02-04 23:18:58,799] {kubernetes_executor.py:599} INFO - Found matching task tutorial-templated (2021-01-30 00:00:00+00:00) with current state of success
[2021-02-04 23:18:58,789] {kubernetes_executor.py:374} INFO - Event: tutorialtemplated-50b6adf2a5bf464eb66c1c45bc085562 Succeeded
[2021-02-04 23:18:58,807] {kubernetes_executor.py:327} INFO - Event: testpodxcomwritexcom-815ad70977a24bc79b3bde45f6c91b19 had an event of type ADDED
[2021-02-04 23:18:58,903] {kubernetes_executor.py:371} INFO - Event: testpodxcomwritexcom-815ad70977a24bc79b3bde45f6c91b19 Failed
[2021-02-04 23:18:58,949] {kubernetes_executor.py:327} INFO - Event: tutorialsleep-6fdc1181e33b4c34a89b85876e51fdd3 had an event of type ADDED
[2021-02-04 23:18:58,950] {kubernetes_executor.py:374} INFO - Event: tutorialsleep-6fdc1181e33b4c34a89b85876e51fdd3 Succeeded
[2021-02-04 23:18:58,981] {kubernetes_executor.py:499} INFO - Attempting to finish pod; pod_id: tutorialprintdate-36c8f5f38c7449d1a5a28deb9206b985; state: None; labels: {'airflow-worker': '2a69e920-c066-4cf4-9310-ce4a101776fa', 'airflow_version': '1.10.12', 'dag_id': 'tutorial', 'execution_date': '2021-01-25T00_00_00_plus_00_00', 'kubernetes_executor': 'True', 'task_id': 'print_date', 'try_number': '1'}
[2021-02-04 23:18:59,076] {kubernetes_executor.py:327} INFO - Event: testpodxcomwritexcom-86a8d46a45244efe84a03917b2b788f8 had an event of type ADDED
[2021-02-04 23:18:59,076] {kubernetes_executor.py:369} INFO - Event: testpodxcomwritexcom-86a8d46a45244efe84a03917b2b788f8 Pending
[2021-02-04 23:18:59,078] {kubernetes_executor.py:327} INFO - Event: tutorialtemplated-6c0deaf32c554e9787a330b7134c5242 had an event of type ADDED
[2021-02-04 23:18:59,079] {kubernetes_executor.py:374} INFO - Event: tutorialtemplated-6c0deaf32c554e9787a330b7134c5242 Succeeded
[2021-02-04 23:18:59,086] {kubernetes_executor.py:599} INFO - Found matching task tutorial-print_date (2021-01-25 00:00:00+00:00) with current state of success
[2021-02-04 23:18:59,093] {kubernetes_executor.py:327} INFO - Event: tutorialtemplated-a0aeb9139e2c423387a6fb190567dd27 had an event of type ADDED
[2021-02-04 23:18:59,094] {kubernetes_executor.py:374} INFO - Event: tutorialtemplated-a0aeb9139e2c423387a6fb190567dd27 Succeeded
[2021-02-04 23:18:59,129] {kubernetes_executor.py:499} INFO - Attempting to finish pod; pod_id: tutorialsleep-4e88bb73086f411699d0f1fc9b0cfe81; state: None; labels: {'airflow-worker': '2a69e920-c066-4cf4-9310-ce4a101776fa', 'airflow_version': '1.10.12', 'dag_id': 'tutorial', 'execution_date': '2021-01-25T00_00_00_plus_00_00', 'kubernetes_executor': 'True', 'task_id': 'sleep', 'try_number': '1'}
[2021-02-04 23:18:59,131] {kubernetes_executor.py:327} INFO - Event: tutorialtemplated-57ee1e60de4e4c7296db8fbdf5a770c9 had an event of type ADDED
[2021-02-04 23:18:59,132] {kubernetes_executor.py:374} INFO - Event: tutorialtemplated-57ee1e60de4e4c7296db8fbdf5a770c9 Succeeded
[2021-02-04 23:18:59,138] {kubernetes_executor.py:327} INFO - Event: tutorialsleep-66a83cd24c4d4aa2a89717a860d5c168 had an event of type ADDED
[2021-02-04 23:18:59,138] {kubernetes_executor.py:374} INFO - Event: tutorialsleep-66a83cd24c4d4aa2a89717a860d5c168 Succeeded
[2021-02-04 23:18:59,174] {kubernetes_executor.py:599} INFO - Found matching task tutorial-sleep (2021-01-25 00:00:00+00:00) with current state of success
[2021-02-04 23:18:59,180] {kubernetes_executor.py:499} INFO - Attempting to finish pod; pod_id: tutorialsleep-685d216aab254e12bb8be38debd52264; state: None; labels: {'airflow-worker': '2a69e920-c066-4cf4-9310-ce4a101776fa', 'airflow_version': '1.10.12', 'dag_id': 'tutorial', 'execution_date': '2021-01-23T00_00_00_plus_00_00', 'kubernetes_executor': 'True', 'task_id': 'sleep', 'try_number': '1'}
[2021-02-04 23:18:59,191] {kubernetes_executor.py:599} INFO - Found matching task tutorial-sleep (2021-01-23 00:00:00+00:00) with current state of success
[2021-02-04 23:18:59,201] {kubernetes_executor.py:499} INFO - Attempting to finish pod; pod_id: tutorialsleep-e721b6bbbcef48fab96f52bb1ac0a246; state: None; labels: {'airflow-worker': '2a69e920-c066-4cf4-9310-ce4a101776fa', 'airflow_version': '1.10.12', 'dag_id': 'tutorial', 'execution_date': '2021-02-02T00_00_00_plus_00_00', 'kubernetes_executor': 'True', 'task_id': 'sleep', 'try_number': '1'}
[2021-02-04 23:18:59,207] {kubernetes_executor.py:599} INFO - Found matching task tutorial-sleep (2021-02-02 00:00:00+00:00) with current state of success
[2021-02-04 23:18:59,209] {kubernetes_executor.py:499} INFO - Attempting to finish pod; pod_id: tutorialprintdate-4a3ddf3c4180422ebd1141e9c90cd678; state: None; labels: {'airflow-worker': '2a69e920-c066-4cf4-9310-ce4a101776fa', 'airflow_version': '1.10.12', 'dag_id': 'tutorial', 'execution_date': '2021-01-31T00_00_00_plus_00_00', 'kubernetes_executor': 'True', 'task_id': 'print_date', 'try_number': '1'}
[2021-02-04 23:18:59,217] {kubernetes_executor.py:599} INFO - Found matching task tutorial-print_date (2021-01-31 00:00:00+00:00) with current state of success
[2021-02-04 23:18:59,220] {kubernetes_executor.py:499} INFO - Attempting to finish pod; pod_id: tutorialtemplated-e6b645496a674fa7806d1d3f402a5d31; state: None; labels: {'airflow-worker': '2a69e920-c066-4cf4-9310-ce4a101776fa', 'airflow_version': '1.10.12', 'dag_id': 'tutorial', 'execution_date': '2021-02-02T00_00_00_plus_00_00', 'kubernetes_executor': 'True', 'task_id': 'templated', 'try_number': '1'}
[2021-02-04 23:18:59,226] {kubernetes_executor.py:599} INFO - Found matching task tutorial-templated (2021-02-02 00:00:00+00:00) with current state of success
[2021-02-04 23:18:59,228] {kubernetes_executor.py:499} INFO - Attempting to finish pod; pod_id: testpodxcomwritexcom-e946f6445e1e44a6b8f8268028851e77; state: failed; labels: {'airflow-worker': '2a69e920-c066-4cf4-9310-ce4a101776fa', 'airflow_version': '1.10.12', 'dag_id': 'test_pod_xcom', 'execution_date': '2021-02-03T22_19_41.804220_plus_00_00', 'kubernetes_executor': 'True', 'task_id': 'write-xcom', 'try_number': '1'}
[2021-02-04 23:18:59,235] {kubernetes_executor.py:599} INFO - Found matching task test_pod_xcom-write-xcom (2021-02-03 22:19:41.804220+00:00) with current state of failed
[2021-02-04 23:18:59,240] {kubernetes_executor.py:499} INFO - Attempting to finish pod; pod_id: tutorialprintdate-c619c58e67eb449499f37d5190d7ef7f; state: None; labels: {'airflow-worker': '2a69e920-c066-4cf4-9310-ce4a101776fa', 'airflow_version': '1.10.12', 'dag_id': 'tutorial', 'execution_date': '2021-01-28T00_00_00_plus_00_00', 'kubernetes_executor': 'True', 'task_id': 'print_date', 'try_number': '1'}
[2021-02-04 23:18:59,247] {kubernetes_executor.py:599} INFO - Found matching task tutorial-print_date (2021-01-28 00:00:00+00:00) with current state of success
[2021-02-04 23:18:59,251] {kubernetes_executor.py:499} INFO - Attempting to finish pod; pod_id: tutorialsleep-1a5bf93297a24f07bcaeef9f18e37333; state: None; labels: {'airflow-worker': '2a69e920-c066-4cf4-9310-ce4a101776fa', 'airflow_version': '1.10.12', 'dag_id': 'tutorial', 'execution_date': '2021-01-27T00_00_00_plus_00_00', 'kubernetes_executor': 'True', 'task_id': 'sleep', 'try_number': '1'}
[2021-02-04 23:18:59,258] {kubernetes_executor.py:599} INFO - Found matching task tutorial-sleep (2021-01-27 00:00:00+00:00) with current state of success
[2021-02-04 23:18:59,306] {kubernetes_executor.py:499} INFO - Attempting to finish pod; pod_id: tutorialprintdate-065e7bf18ce745e59388617cdd2007fc; state: None; labels: {'airflow-worker': '2a69e920-c066-4cf4-9310-ce4a101776fa', 'airflow_version': '1.10.12', 'dag_id': 'tutorial', 'execution_date': '2021-01-24T00_00_00_plus_00_00', 'kubernetes_executor': 'True', 'task_id': 'print_date', 'try_number': '1'}
[2021-02-04 23:18:59,325] {kubernetes_executor.py:599} INFO - Found matching task tutorial-print_date (2021-01-24 00:00:00+00:00) with current state of success
[2021-02-04 23:18:59,330] {kubernetes_executor.py:499} INFO - Attempting to finish pod; pod_id: tutorialtemplated-135680618e6d465883ac20a8d9e75c8a; state: None; labels: {'airflow-worker': '2a69e920-c066-4cf4-9310-ce4a101776fa', 'airflow_version': '1.10.12', 'dag_id': 'tutorial', 'execution_date': '2021-01-29T00_00_00_plus_00_00', 'kubernetes_executor': 'True', 'task_id': 'templated', 'try_number': '1'}
[2021-02-04 23:18:59,341] {kubernetes_executor.py:599} INFO - Found matching task tutorial-templated (2021-01-29 00:00:00+00:00) with current state of success
[2021-02-04 23:18:59,344] {kubernetes_executor.py:499} INFO - Attempting to finish pod; pod_id: testpodxcompodtaskxcomresult-e5af5e911e5b4b15aa47af0390c44962; state: failed; labels: {'airflow-worker': '2a69e920-c066-4cf4-9310-ce4a101776fa', 'airflow_version': '1.10.12', 'dag_id': 'test_pod_xcom', 'execution_date': '2021-02-03T22_19_41.804220_plus_00_00', 'kubernetes_executor': 'True', 'task_id': 'pod_task_xcom_result', 'try_number': '1'}
[2021-02-04 23:18:59,409] {kubernetes_executor.py:599} INFO - Found matching task test_pod_xcom-pod_task_xcom_result (2021-02-03 22:19:41.804220+00:00) with current state of failed
[2021-02-04 23:18:59,453] {kubernetes_executor.py:499} INFO - Attempting to finish pod; pod_id: tutorialsleep-f9695b24e2b347b384d2bf57d2bfabff; state: None; labels: {'airflow-worker': '2a69e920-c066-4cf4-9310-ce4a101776fa', 'airflow_version': '1.10.12', 'dag_id': 'tutorial', 'execution_date': '2021-01-29T00_00_00_plus_00_00', 'kubernetes_executor': 'True', 'task_id': 'sleep', 'try_number': '1'}
[2021-02-04 23:18:59,471] {kubernetes_executor.py:599} INFO - Found matching task tutorial-sleep (2021-01-29 00:00:00+00:00) with current state of success
[2021-02-04 23:18:59,614] {kubernetes_executor.py:499} INFO - Attempting to finish pod; pod_id: tutorialtemplated-69a5ed27cabb4e0da8f932e755d749d3; state: None; labels: {'airflow-worker': '2a69e920-c066-4cf4-9310-ce4a101776fa', 'airflow_version': '1.10.12', 'dag_id': 'tutorial', 'execution_date': '2021-01-24T00_00_00_plus_00_00', 'kubernetes_executor': 'True', 'task_id': 'templated', 'try_number': '1'}
[2021-02-04 23:18:59,627] {kubernetes_executor.py:599} INFO - Found matching task tutorial-templated (2021-01-24 00:00:00+00:00) with current state of success
[2021-02-04 23:18:59,641] {kubernetes_executor.py:499} INFO - Attempting to finish pod; pod_id: tutorialsleep-d4c7735523a74fec835f4e4b0e6d122d; state: None; labels: {'airflow-worker': '2a69e920-c066-4cf4-9310-ce4a101776fa', 'airflow_version': '1.10.12', 'dag_id': 'tutorial', 'execution_date': '2021-01-25T22_48_35.634785_plus_00_00', 'kubernetes_executor': 'True', 'task_id': 'sleep', 'try_number': '1'}
[2021-02-04 23:18:59,662] {kubernetes_executor.py:599} INFO - Found matching task tutorial-sleep (2021-01-25 22:48:35.634785+00:00) with current state of success
[2021-02-04 23:18:59,675] {kubernetes_executor.py:499} INFO - Attempting to finish pod; pod_id: tutorialsleep-d8a3556ff9414d6f825b3297005c1258; state: None; labels: {'airflow-worker': '2a69e920-c066-4cf4-9310-ce4a101776fa', 'airflow_version': '1.10.12', 'dag_id': 'tutorial', 'execution_date': '2021-01-24T00_00_00_plus_00_00', 'kubernetes_executor': 'True', 'task_id': 'sleep', 'try_number': '1'}
[2021-02-04 23:18:59,695] {kubernetes_executor.py:599} INFO - Found matching task tutorial-sleep (2021-01-24 00:00:00+00:00) with current state of success
[2021-02-04 23:18:59,702] {kubernetes_executor.py:499} INFO - Attempting to finish pod; pod_id: tutorialsleep-4ad96e705ea1493eae1803e7c7918900; state: None; labels: {'airflow-worker': '2a69e920-c066-4cf4-9310-ce4a101776fa', 'airflow_version': '1.10.12', 'dag_id': 'tutorial', 'execution_date': '2021-02-01T00_00_00_plus_00_00', 'kubernetes_executor': 'True', 'task_id': 'sleep', 'try_number': '1'}
[2021-02-04 23:18:59,710] {kubernetes_executor.py:599} INFO - Found matching task tutorial-sleep (2021-02-01 00:00:00+00:00) with current state of success
[2021-02-04 23:18:59,715] {kubernetes_executor.py:499} INFO - Attempting to finish pod; pod_id: tutorialsleep-f9caa1708f7c4ea98ac65359545e07a0; state: None; labels: {'airflow-worker': '2a69e920-c066-4cf4-9310-ce4a101776fa', 'airflow_version': '1.10.12', 'dag_id': 'tutorial', 'execution_date': '2021-01-30T00_00_00_plus_00_00', 'kubernetes_executor': 'True', 'task_id': 'sleep', 'try_number': '1'}
[2021-02-04 23:18:59,721] {kubernetes_executor.py:599} INFO - Found matching task tutorial-sleep (2021-01-30 00:00:00+00:00) with current state of success
[2021-02-04 23:18:59,728] {kubernetes_executor.py:499} INFO - Attempting to finish pod; pod_id: tutorialtemplated-296ba9453dd04b7ab8a71bf940089053; state: None; labels: {'airflow-worker': '2a69e920-c066-4cf4-9310-ce4a101776fa', 'airflow_version': '1.10.12', 'dag_id': 'tutorial', 'execution_date': '2021-01-31T00_00_00_plus_00_00', 'kubernetes_executor': 'True', 'task_id': 'templated', 'try_number': '1'}
[2021-02-04 23:18:59,736] {kubernetes_executor.py:599} INFO - Found matching task tutorial-templated (2021-01-31 00:00:00+00:00) with current state of success
[2021-02-04 23:18:59,738] {kubernetes_executor.py:499} INFO - Attempting to finish pod; pod_id: tutorialtemplated-6e6e861987fd4f2c92e56c3cbdef96c2; state: None; labels: {'airflow-worker': '2a69e920-c066-4cf4-9310-ce4a101776fa', 'airflow_version': '1.10.12', 'dag_id': 'tutorial', 'execution_date': '2021-01-26T00_00_00_plus_00_00', 'kubernetes_executor': 'True', 'task_id': 'templated', 'try_number': '1'}
[2021-02-04 23:18:59,743] {kubernetes_executor.py:599} INFO - Found matching task tutorial-templated (2021-01-26 00:00:00+00:00) with current state of success
[2021-02-04 23:18:59,750] {kubernetes_executor.py:499} INFO - Attempting to finish pod; pod_id: tutorialtemplated-fb16400633164ba2a5801e38f6612e17; state: None; labels: {'airflow-worker': '2a69e920-c066-4cf4-9310-ce4a101776fa', 'airflow_version': '1.10.12', 'dag_id': 'tutorial', 'execution_date': '2021-01-23T00_00_00_plus_00_00', 'kubernetes_executor': 'True', 'task_id': 'templated', 'try_number': '1'}
[2021-02-04 23:18:59,776] {kubernetes_executor.py:599} INFO - Found matching task tutorial-templated (2021-01-23 00:00:00+00:00) with current state of success
[2021-02-04 23:18:59,782] {kubernetes_executor.py:499} INFO - Attempting to finish pod; pod_id: tutorialsleep-d0152f9ea1e8402aa9f2bb0df2119619; state: None; labels: {'airflow-worker': '2a69e920-c066-4cf4-9310-ce4a101776fa', 'airflow_version': '1.10.12', 'dag_id': 'tutorial', 'execution_date': '2021-02-03T00_00_00_plus_00_00', 'kubernetes_executor': 'True', 'task_id': 'sleep', 'try_number': '1'}
[2021-02-04 23:18:59,787] {kubernetes_executor.py:599} INFO - Found matching task tutorial-sleep (2021-02-03 00:00:00+00:00) with current state of success
[2021-02-04 23:18:59,790] {kubernetes_executor.py:499} INFO - Attempting to finish pod; pod_id: tutorialprintdate-e4b6def7127a488cb70da299c92d9305; state: None; labels: {'airflow-worker': '2a69e920-c066-4cf4-9310-ce4a101776fa', 'airflow_version': '1.10.12', 'dag_id': 'tutorial', 'execution_date': '2021-02-01T00_00_00_plus_00_00', 'kubernetes_executor': 'True', 'task_id': 'print_date', 'try_number': '1'}
[2021-02-04 23:18:59,795] {kubernetes_executor.py:599} INFO - Found matching task tutorial-print_date (2021-02-01 00:00:00+00:00) with current state of success
[2021-02-04 23:18:59,799] {kubernetes_executor.py:499} INFO - Attempting to finish pod; pod_id: tutorialprintdate-d7ee8b81cc784e72a42b06116690f9bc; state: None; labels: {'airflow-worker': '2a69e920-c066-4cf4-9310-ce4a101776fa', 'airflow_version': '1.10.12', 'dag_id': 'tutorial', 'execution_date': '2021-01-27T00_00_00_plus_00_00', 'kubernetes_executor': 'True', 'task_id': 'print_date', 'try_number': '1'}
[2021-02-04 23:18:59,807] {kubernetes_executor.py:599} INFO - Found matching task tutorial-print_date (2021-01-27 00:00:00+00:00) with current state of success
[2021-02-04 23:18:59,810] {kubernetes_executor.py:499} INFO - Attempting to finish pod; pod_id: tutorialprintdate-ddbc508e46d5403c882ea1f93bc4f118; state: None; labels: {'airflow-worker': '2a69e920-c066-4cf4-9310-ce4a101776fa', 'airflow_version': '1.10.12', 'dag_id': 'tutorial', 'execution_date': '2021-01-25T22_48_35.634785_plus_00_00', 'kubernetes_executor': 'True', 'task_id': 'print_date', 'try_number': '1'}
[2021-02-04 23:18:59,815] {kubernetes_executor.py:599} INFO - Found matching task tutorial-print_date (2021-01-25 22:48:35.634785+00:00) with current state of success
[2021-02-04 23:18:59,817] {kubernetes_executor.py:499} INFO - Attempting to finish pod; pod_id: tutorialtemplated-50b6adf2a5bf464eb66c1c45bc085562; state: None; labels: {'airflow-worker': '2a69e920-c066-4cf4-9310-ce4a101776fa', 'airflow_version': '1.10.12', 'dag_id': 'tutorial', 'execution_date': '2021-02-03T00_00_00_plus_00_00', 'kubernetes_executor': 'True', 'task_id': 'templated', 'try_number': '1'}
[2021-02-04 23:18:59,822] {kubernetes_executor.py:599} INFO - Found matching task tutorial-templated (2021-02-03 00:00:00+00:00) with current state of success
[2021-02-04 23:18:59,825] {kubernetes_executor.py:499} INFO - Attempting to finish pod; pod_id: testpodxcomwritexcom-815ad70977a24bc79b3bde45f6c91b19; state: failed; labels: {'airflow-worker': '2a69e920-c066-4cf4-9310-ce4a101776fa', 'airflow_version': '1.10.12', 'dag_id': 'test_pod_xcom', 'execution_date': '2021-02-04T22_11_10.178189_plus_00_00', 'kubernetes_executor': 'True', 'task_id': 'write-xcom', 'try_number': '1'}
[2021-02-04 23:18:59,830] {kubernetes_executor.py:599} INFO - Found matching task test_pod_xcom-write-xcom (2021-02-04 22:11:10.178189+00:00) with current state of failed
[2021-02-04 23:18:59,832] {kubernetes_executor.py:499} INFO - Attempting to finish pod; pod_id: tutorialsleep-6fdc1181e33b4c34a89b85876e51fdd3; state: None; labels: {'airflow-worker': '2a69e920-c066-4cf4-9310-ce4a101776fa', 'airflow_version': '1.10.12', 'dag_id': 'tutorial', 'execution_date': '2021-01-26T00_00_00_plus_00_00', 'kubernetes_executor': 'True', 'task_id': 'sleep', 'try_number': '1'}
[2021-02-04 23:18:59,837] {kubernetes_executor.py:599} INFO - Found matching task tutorial-sleep (2021-01-26 00:00:00+00:00) with current state of success
[2021-02-04 23:18:59,840] {kubernetes_executor.py:499} INFO - Attempting to finish pod; pod_id: tutorialtemplated-6c0deaf32c554e9787a330b7134c5242; state: None; labels: {'airflow-worker': '2a69e920-c066-4cf4-9310-ce4a101776fa', 'airflow_version': '1.10.12', 'dag_id': 'tutorial', 'execution_date': '2021-01-27T00_00_00_plus_00_00', 'kubernetes_executor': 'True', 'task_id': 'templated', 'try_number': '1'}
[2021-02-04 23:18:59,848] {kubernetes_executor.py:599} INFO - Found matching task tutorial-templated (2021-01-27 00:00:00+00:00) with current state of success
[2021-02-04 23:18:59,850] {kubernetes_executor.py:499} INFO - Attempting to finish pod; pod_id: tutorialtemplated-a0aeb9139e2c423387a6fb190567dd27; state: None; labels: {'airflow-worker': '2a69e920-c066-4cf4-9310-ce4a101776fa', 'airflow_version': '1.10.12', 'dag_id': 'tutorial', 'execution_date': '2021-02-01T00_00_00_plus_00_00', 'kubernetes_executor': 'True', 'task_id': 'templated', 'try_number': '1'}
[2021-02-04 23:18:59,856] {kubernetes_executor.py:599} INFO - Found matching task tutorial-templated (2021-02-01 00:00:00+00:00) with current state of success
[2021-02-04 23:18:59,858] {kubernetes_executor.py:499} INFO - Attempting to finish pod; pod_id: tutorialtemplated-57ee1e60de4e4c7296db8fbdf5a770c9; state: None; labels: {'airflow-worker': '2a69e920-c066-4cf4-9310-ce4a101776fa', 'airflow_version': '1.10.12', 'dag_id': 'tutorial', 'execution_date': '2021-01-25T00_00_00_plus_00_00', 'kubernetes_executor': 'True', 'task_id': 'templated', 'try_number': '1'}
[2021-02-04 23:18:59,864] {kubernetes_executor.py:599} INFO - Found matching task tutorial-templated (2021-01-25 00:00:00+00:00) with current state of success
[2021-02-04 23:18:59,882] {kubernetes_executor.py:499} INFO - Attempting to finish pod; pod_id: tutorialsleep-66a83cd24c4d4aa2a89717a860d5c168; state: None; labels: {'airflow-worker': '2a69e920-c066-4cf4-9310-ce4a101776fa', 'airflow_version': '1.10.12', 'dag_id': 'tutorial', 'execution_date': '2021-01-31T00_00_00_plus_00_00', 'kubernetes_executor': 'True', 'task_id': 'sleep', 'try_number': '1'}
[2021-02-04 23:18:59,890] {kubernetes_executor.py:599} INFO - Found matching task tutorial-sleep (2021-01-31 00:00:00+00:00) with current state of success
[2021-02-04 23:18:59,901] {kubernetes_executor.py:813} INFO - Changing state of (('tutorial', 'print_date', datetime.datetime(2021, 1, 30, 0, 0, tzinfo=tzlocal()), 1), None, 'tutorialprintdate-66b641e70ed54f6f8bdac30e8e7547b1', 'hsg-data-labs-dev', '125607476') to None
[2021-02-04 23:18:59,906] {kubernetes_executor.py:813} INFO - Changing state of (('tutorial', 'print_date', datetime.datetime(2021, 1, 26, 0, 0, tzinfo=tzlocal()), 1), None, 'tutorialprintdate-75c11fc549ed4c79bb8b4127684b56af', 'hsg-data-labs-dev', '124617387') to None
[2021-02-04 23:18:59,907] {kubernetes_executor.py:813} INFO - Changing state of (('tutorial', 'print_date', datetime.datetime(2021, 1, 23, 0, 0, tzinfo=tzlocal()), 1), None, 'tutorialprintdate-96ef4a26aa354042bedc84adc97d17d9', 'hsg-data-labs-dev', '123877837') to None
[2021-02-04 23:18:59,916] {kubernetes_executor.py:813} INFO - Changing state of (('tutorial', 'sleep', datetime.datetime(2021, 1, 28, 0, 0, tzinfo=tzlocal()), 1), None, 'tutorialsleep-512f2fcf700b4d42aa546839daa6907d', 'hsg-data-labs-dev', '125277658') to None
[2021-02-04 23:18:59,918] {kubernetes_executor.py:813} INFO - Changing state of (('tutorial', 'print_date', datetime.datetime(2021, 2, 2, 0, 0, tzinfo=tzlocal()), 1), None, 'tutorialprintdate-df89a17feeb34a708ffea257afc54785', 'hsg-data-labs-dev', '126342585') to None
[2021-02-04 23:18:59,920] {kubernetes_executor.py:813} INFO - Changing state of (('tutorial', 'print_date', datetime.datetime(2021, 1, 29, 0, 0, tzinfo=tzlocal()), 1), None, 'tutorialprintdate-c58f4b425a424b8fb8a5513ab0c41b93', 'hsg-data-labs-dev', '125362183') to None
[2021-02-04 23:18:59,924] {kubernetes_executor.py:813} INFO - Changing state of (('tutorial', 'templated', datetime.datetime(2021, 1, 25, 22, 48, 35, 634785, tzinfo=tzlocal()), 1), None, 'tutorialtemplated-cc143472c7344b138938b9f5a8732095', 'hsg-data-labs-dev', '124532391') to None
[2021-02-04 23:18:59,925] {kubernetes_executor.py:813} INFO - Changing state of (('tutorial', 'templated', datetime.datetime(2021, 1, 28, 0, 0, tzinfo=tzlocal()), 1), None, 'tutorialtemplated-43cabe11f5f746f1acc1a47b7a5268a8', 'hsg-data-labs-dev', '125277650') to None
[2021-02-04 23:18:59,929] {kubernetes_executor.py:813} INFO - Changing state of (('test_pod_xcom', 'write-xcom', datetime.datetime(2021, 2, 3, 22, 25, 27, 663999, tzinfo=tzlocal()), 1), 'failed', 'testpodxcomwritexcom-374118354d6c4f03a15c937bc7a42de0', 'hsg-data-labs-dev', '126571954') to failed
[2021-02-04 23:18:59,931] {kubernetes_executor.py:813} INFO - Changing state of (('tutorial', 'print_date', datetime.datetime(2021, 2, 3, 0, 0, tzinfo=tzlocal()), 1), None, 'tutorialprintdate-e1b95619d24d44b9aebadf47e44f8f47', 'hsg-data-labs-dev', '126588157') to None
[2021-02-04 23:18:59,932] {kubernetes_executor.py:813} INFO - Changing state of (('tutorial', 'templated', datetime.datetime(2021, 1, 30, 0, 0, tzinfo=tzlocal()), 1), None, 'tutorialtemplated-dc9243009bf942bebea8e01aef85a864', 'hsg-data-labs-dev', '125607537') to None
[2021-02-04 23:18:59,943] {kubernetes_executor.py:813} INFO - Changing state of (('tutorial', 'print_date', datetime.datetime(2021, 1, 25, 0, 0, tzinfo=tzlocal()), 1), None, 'tutorialprintdate-36c8f5f38c7449d1a5a28deb9206b985', 'hsg-data-labs-dev', '124532627') to None
[2021-02-04 23:18:59,944] {kubernetes_executor.py:813} INFO - Changing state of (('tutorial', 'sleep', datetime.datetime(2021, 1, 25, 0, 0, tzinfo=tzlocal()), 1), None, 'tutorialsleep-4e88bb73086f411699d0f1fc9b0cfe81', 'hsg-data-labs-dev', '124532748') to None
[2021-02-04 23:18:59,945] {kubernetes_executor.py:813} INFO - Changing state of (('tutorial', 'sleep', datetime.datetime(2021, 1, 23, 0, 0, tzinfo=tzlocal()), 1), None, 'tutorialsleep-685d216aab254e12bb8be38debd52264', 'hsg-data-labs-dev', '123877976') to None
[2021-02-04 23:18:59,945] {kubernetes_executor.py:813} INFO - Changing state of (('tutorial', 'sleep', datetime.datetime(2021, 2, 2, 0, 0, tzinfo=tzlocal()), 1), None, 'tutorialsleep-e721b6bbbcef48fab96f52bb1ac0a246', 'hsg-data-labs-dev', '126342698') to None
[2021-02-04 23:18:59,946] {kubernetes_executor.py:813} INFO - Changing state of (('tutorial', 'print_date', datetime.datetime(2021, 1, 31, 0, 0, tzinfo=tzlocal()), 1), None, 'tutorialprintdate-4a3ddf3c4180422ebd1141e9c90cd678', 'hsg-data-labs-dev', '125852459') to None
[2021-02-04 23:18:59,946] {kubernetes_executor.py:813} INFO - Changing state of (('tutorial', 'templated', datetime.datetime(2021, 2, 2, 0, 0, tzinfo=tzlocal()), 1), None, 'tutorialtemplated-e6b645496a674fa7806d1d3f402a5d31', 'hsg-data-labs-dev', '126342650') to None
[2021-02-04 23:18:59,947] {kubernetes_executor.py:813} INFO - Changing state of (('test_pod_xcom', 'write-xcom', datetime.datetime(2021, 2, 3, 22, 19, 41, 804220, tzinfo=tzlocal()), 1), 'failed', 'testpodxcomwritexcom-e946f6445e1e44a6b8f8268028851e77', 'hsg-data-labs-dev', '126570966') to failed
[2021-02-04 23:18:59,948] {kubernetes_executor.py:813} INFO - Changing state of (('tutorial', 'print_date', datetime.datetime(2021, 1, 28, 0, 0, tzinfo=tzlocal()), 1), None, 'tutorialprintdate-c619c58e67eb449499f37d5190d7ef7f', 'hsg-data-labs-dev', '125277440') to None
[2021-02-04 23:18:59,949] {kubernetes_executor.py:813} INFO - Changing state of (('tutorial', 'sleep', datetime.datetime(2021, 1, 27, 0, 0, tzinfo=tzlocal()), 1), None, 'tutorialsleep-1a5bf93297a24f07bcaeef9f18e37333', 'hsg-data-labs-dev', '124864012') to None
[2021-02-04 23:18:59,950] {kubernetes_executor.py:813} INFO - Changing state of (('tutorial', 'print_date', datetime.datetime(2021, 1, 24, 0, 0, tzinfo=tzlocal()), 1), None, 'tutorialprintdate-065e7bf18ce745e59388617cdd2007fc', 'hsg-data-labs-dev', '124123046') to None
[2021-02-04 23:18:59,950] {kubernetes_executor.py:813} INFO - Changing state of (('tutorial', 'templated', datetime.datetime(2021, 1, 29, 0, 0, tzinfo=tzlocal()), 1), None, 'tutorialtemplated-135680618e6d465883ac20a8d9e75c8a', 'hsg-data-labs-dev', '125362257') to None
[2021-02-04 23:18:59,951] {kubernetes_executor.py:813} INFO - Changing state of (('test_pod_xcom', 'pod_task_xcom_result', datetime.datetime(2021, 2, 3, 22, 19, 41, 804220, tzinfo=tzlocal()), 1), 'failed', 'testpodxcompodtaskxcomresult-e5af5e911e5b4b15aa47af0390c44962', 'hsg-data-labs-dev', '126570995') to failed
[2021-02-04 23:18:59,952] {kubernetes_executor.py:813} INFO - Changing state of (('tutorial', 'sleep', datetime.datetime(2021, 1, 29, 0, 0, tzinfo=tzlocal()), 1), None, 'tutorialsleep-f9695b24e2b347b384d2bf57d2bfabff', 'hsg-data-labs-dev', '125362294') to None
[2021-02-04 23:18:59,952] {kubernetes_executor.py:813} INFO - Changing state of (('tutorial', 'templated', datetime.datetime(2021, 1, 24, 0, 0, tzinfo=tzlocal()), 1), None, 'tutorialtemplated-69a5ed27cabb4e0da8f932e755d749d3', 'hsg-data-labs-dev', '124123132') to None
[2021-02-04 23:18:59,953] {kubernetes_executor.py:813} INFO - Changing state of (('tutorial', 'sleep', datetime.datetime(2021, 1, 25, 22, 48, 35, 634785, tzinfo=tzlocal()), 1), None, 'tutorialsleep-d4c7735523a74fec835f4e4b0e6d122d', 'hsg-data-labs-dev', '124532646') to None
[2021-02-04 23:18:59,953] {kubernetes_executor.py:813} INFO - Changing state of (('tutorial', 'sleep', datetime.datetime(2021, 1, 24, 0, 0, tzinfo=tzlocal()), 1), None, 'tutorialsleep-d8a3556ff9414d6f825b3297005c1258', 'hsg-data-labs-dev', '124123149') to None
[2021-02-04 23:18:59,954] {kubernetes_executor.py:813} INFO - Changing state of (('tutorial', 'sleep', datetime.datetime(2021, 2, 1, 0, 0, tzinfo=tzlocal()), 1), None, 'tutorialsleep-4ad96e705ea1493eae1803e7c7918900', 'hsg-data-labs-dev', '126097538') to None
[2021-02-04 23:18:59,955] {kubernetes_executor.py:813} INFO - Changing state of (('tutorial', 'sleep', datetime.datetime(2021, 1, 30, 0, 0, tzinfo=tzlocal()), 1), None, 'tutorialsleep-f9caa1708f7c4ea98ac65359545e07a0', 'hsg-data-labs-dev', '125607577') to None
[2021-02-04 23:18:59,955] {kubernetes_executor.py:813} INFO - Changing state of (('tutorial', 'templated', datetime.datetime(2021, 1, 31, 0, 0, tzinfo=tzlocal()), 1), None, 'tutorialtemplated-296ba9453dd04b7ab8a71bf940089053', 'hsg-data-labs-dev', '125852513') to None
[2021-02-04 23:18:59,956] {kubernetes_executor.py:813} INFO - Changing state of (('tutorial', 'templated', datetime.datetime(2021, 1, 26, 0, 0, tzinfo=tzlocal()), 1), None, 'tutorialtemplated-6e6e861987fd4f2c92e56c3cbdef96c2', 'hsg-data-labs-dev', '124617474') to None
[2021-02-04 23:18:59,956] {kubernetes_executor.py:813} INFO - Changing state of (('tutorial', 'templated', datetime.datetime(2021, 1, 23, 0, 0, tzinfo=tzlocal()), 1), None, 'tutorialtemplated-fb16400633164ba2a5801e38f6612e17', 'hsg-data-labs-dev', '123877950') to None
[2021-02-04 23:18:59,957] {kubernetes_executor.py:813} INFO - Changing state of (('tutorial', 'sleep', datetime.datetime(2021, 2, 3, 0, 0, tzinfo=tzlocal()), 1), None, 'tutorialsleep-d0152f9ea1e8402aa9f2bb0df2119619', 'hsg-data-labs-dev', '126588278') to None
[2021-02-04 23:18:59,957] {kubernetes_executor.py:813} INFO - Changing state of (('tutorial', 'print_date', datetime.datetime(2021, 2, 1, 0, 0, tzinfo=tzlocal()), 1), None, 'tutorialprintdate-e4b6def7127a488cb70da299c92d9305', 'hsg-data-labs-dev', '126097425') to None
[2021-02-04 23:18:59,958] {kubernetes_executor.py:813} INFO - Changing state of (('tutorial', 'print_date', datetime.datetime(2021, 1, 27, 0, 0, tzinfo=tzlocal()), 1), None, 'tutorialprintdate-d7ee8b81cc784e72a42b06116690f9bc', 'hsg-data-labs-dev', '124863915') to None
[2021-02-04 23:18:59,958] {kubernetes_executor.py:813} INFO - Changing state of (('tutorial', 'print_date', datetime.datetime(2021, 1, 25, 22, 48, 35, 634785, tzinfo=tzlocal()), 1), None, 'tutorialprintdate-ddbc508e46d5403c882ea1f93bc4f118', 'hsg-data-labs-dev', '124532316') to None
[2021-02-04 23:18:59,963] {kubernetes_executor.py:813} INFO - Changing state of (('tutorial', 'templated', datetime.datetime(2021, 2, 3, 0, 0, tzinfo=tzlocal()), 1), None, 'tutorialtemplated-50b6adf2a5bf464eb66c1c45bc085562', 'hsg-data-labs-dev', '126588233') to None
[2021-02-04 23:18:59,964] {kubernetes_executor.py:813} INFO - Changing state of (('test_pod_xcom', 'write-xcom', datetime.datetime(2021, 2, 4, 22, 11, 10, 178189, tzinfo=tzlocal()), 1), 'failed', 'testpodxcomwritexcom-815ad70977a24bc79b3bde45f6c91b19', 'hsg-data-labs-dev', '126814369') to failed
[2021-02-04 23:18:59,965] {kubernetes_executor.py:813} INFO - Changing state of (('tutorial', 'sleep', datetime.datetime(2021, 1, 26, 0, 0, tzinfo=tzlocal()), 1), None, 'tutorialsleep-6fdc1181e33b4c34a89b85876e51fdd3', 'hsg-data-labs-dev', '124617527') to None
[2021-02-04 23:18:59,966] {kubernetes_executor.py:813} INFO - Changing state of (('tutorial', 'templated', datetime.datetime(2021, 1, 27, 0, 0, tzinfo=tzlocal()), 1), None, 'tutorialtemplated-6c0deaf32c554e9787a330b7134c5242', 'hsg-data-labs-dev', '124864000') to None
[2021-02-04 23:18:59,967] {kubernetes_executor.py:813} INFO - Changing state of (('tutorial', 'templated', datetime.datetime(2021, 2, 1, 0, 0, tzinfo=tzlocal()), 1), None, 'tutorialtemplated-a0aeb9139e2c423387a6fb190567dd27', 'hsg-data-labs-dev', '126097494') to None
[2021-02-04 23:18:59,968] {kubernetes_executor.py:813} INFO - Changing state of (('tutorial', 'templated', datetime.datetime(2021, 1, 25, 0, 0, tzinfo=tzlocal()), 1), None, 'tutorialtemplated-57ee1e60de4e4c7296db8fbdf5a770c9', 'hsg-data-labs-dev', '124532697') to None
[2021-02-04 23:18:59,968] {kubernetes_executor.py:813} INFO - Changing state of (('tutorial', 'sleep', datetime.datetime(2021, 1, 31, 0, 0, tzinfo=tzlocal()), 1), None, 'tutorialsleep-66a83cd24c4d4aa2a89717a860d5c168', 'hsg-data-labs-dev', '125852549') to None
[2021-02-04 23:19:09,154] {scheduler_job.py:1334} INFO - Executor reports execution of tutorial.print_date execution_date=2021-01-30 00:00:00+00:00 exited with status None for try_number 1
[2021-02-04 23:19:09,154] {scheduler_job.py:1334} INFO - Executor reports execution of tutorial.print_date execution_date=2021-01-26 00:00:00+00:00 exited with status None for try_number 1
[2021-02-04 23:19:09,155] {scheduler_job.py:1334} INFO - Executor reports execution of tutorial.print_date execution_date=2021-01-23 00:00:00+00:00 exited with status None for try_number 1
[2021-02-04 23:19:09,155] {scheduler_job.py:1334} INFO - Executor reports execution of tutorial.sleep execution_date=2021-01-28 00:00:00+00:00 exited with status None for try_number 1
[2021-02-04 23:19:09,155] {scheduler_job.py:1334} INFO - Executor reports execution of tutorial.print_date execution_date=2021-02-02 00:00:00+00:00 exited with status None for try_number 1
[2021-02-04 23:19:09,155] {scheduler_job.py:1334} INFO - Executor reports execution of tutorial.print_date execution_date=2021-01-29 00:00:00+00:00 exited with status None for try_number 1
[2021-02-04 23:19:09,156] {scheduler_job.py:1334} INFO - Executor reports execution of tutorial.templated execution_date=2021-01-25 22:48:35.634785+00:00 exited with status None for try_number 1
[2021-02-04 23:19:09,156] {scheduler_job.py:1334} INFO - Executor reports execution of tutorial.templated execution_date=2021-01-28 00:00:00+00:00 exited with status None for try_number 1
[2021-02-04 23:19:09,156] {scheduler_job.py:1334} INFO - Executor reports execution of tutorial.print_date execution_date=2021-02-03 00:00:00+00:00 exited with status None for try_number 1
[2021-02-04 23:19:09,157] {scheduler_job.py:1334} INFO - Executor reports execution of tutorial.templated execution_date=2021-01-30 00:00:00+00:00 exited with status None for try_number 1
[2021-02-04 23:19:09,157] {scheduler_job.py:1334} INFO - Executor reports execution of tutorial.print_date execution_date=2021-01-25 00:00:00+00:00 exited with status None for try_number 1
[2021-02-04 23:19:09,157] {scheduler_job.py:1334} INFO - Executor reports execution of tutorial.sleep execution_date=2021-01-25 00:00:00+00:00 exited with status None for try_number 1
[2021-02-04 23:19:09,158] {scheduler_job.py:1334} INFO - Executor reports execution of tutorial.sleep execution_date=2021-01-23 00:00:00+00:00 exited with status None for try_number 1
[2021-02-04 23:19:09,158] {scheduler_job.py:1334} INFO - Executor reports execution of tutorial.sleep execution_date=2021-02-02 00:00:00+00:00 exited with status None for try_number 1
[2021-02-04 23:19:09,158] {scheduler_job.py:1334} INFO - Executor reports execution of tutorial.print_date execution_date=2021-01-31 00:00:00+00:00 exited with status None for try_number 1
[2021-02-04 23:19:09,159] {scheduler_job.py:1334} INFO - Executor reports execution of tutorial.templated execution_date=2021-02-02 00:00:00+00:00 exited with status None for try_number 1
[2021-02-04 23:19:09,159] {scheduler_job.py:1334} INFO - Executor reports execution of tutorial.print_date execution_date=2021-01-28 00:00:00+00:00 exited with status None for try_number 1
[2021-02-04 23:19:09,159] {scheduler_job.py:1334} INFO - Executor reports execution of tutorial.sleep execution_date=2021-01-27 00:00:00+00:00 exited with status None for try_number 1
[2021-02-04 23:19:09,159] {scheduler_job.py:1334} INFO - Executor reports execution of tutorial.print_date execution_date=2021-01-24 00:00:00+00:00 exited with status None for try_number 1
[2021-02-04 23:19:09,160] {scheduler_job.py:1334} INFO - Executor reports execution of tutorial.templated execution_date=2021-01-29 00:00:00+00:00 exited with status None for try_number 1
[2021-02-04 23:19:09,160] {scheduler_job.py:1334} INFO - Executor reports execution of tutorial.sleep execution_date=2021-01-29 00:00:00+00:00 exited with status None for try_number 1
[2021-02-04 23:19:09,160] {scheduler_job.py:1334} INFO - Executor reports execution of tutorial.templated execution_date=2021-01-24 00:00:00+00:00 exited with status None for try_number 1
[2021-02-04 23:19:09,161] {scheduler_job.py:1334} INFO - Executor reports execution of tutorial.sleep execution_date=2021-01-25 22:48:35.634785+00:00 exited with status None for try_number 1
[2021-02-04 23:19:09,163] {scheduler_job.py:1334} INFO - Executor reports execution of tutorial.sleep execution_date=2021-01-24 00:00:00+00:00 exited with status None for try_number 1
[2021-02-04 23:19:09,163] {scheduler_job.py:1334} INFO - Executor reports execution of tutorial.sleep execution_date=2021-02-01 00:00:00+00:00 exited with status None for try_number 1
[2021-02-04 23:19:09,163] {scheduler_job.py:1334} INFO - Executor reports execution of tutorial.sleep execution_date=2021-01-30 00:00:00+00:00 exited with status None for try_number 1
[2021-02-04 23:19:09,164] {scheduler_job.py:1334} INFO - Executor reports execution of tutorial.templated execution_date=2021-01-31 00:00:00+00:00 exited with status None for try_number 1
[2021-02-04 23:19:09,164] {scheduler_job.py:1334} INFO - Executor reports execution of tutorial.templated execution_date=2021-01-26 00:00:00+00:00 exited with status None for try_number 1
[2021-02-04 23:19:09,164] {scheduler_job.py:1334} INFO - Executor reports execution of tutorial.templated execution_date=2021-01-23 00:00:00+00:00 exited with status None for try_number 1
[2021-02-04 23:19:09,165] {scheduler_job.py:1334} INFO - Executor reports execution of tutorial.sleep execution_date=2021-02-03 00:00:00+00:00 exited with status None for try_number 1
[2021-02-04 23:19:09,165] {scheduler_job.py:1334} INFO - Executor reports execution of tutorial.print_date execution_date=2021-02-01 00:00:00+00:00 exited with status None for try_number 1
[2021-02-04 23:19:09,165] {scheduler_job.py:1334} INFO - Executor reports execution of tutorial.print_date execution_date=2021-01-27 00:00:00+00:00 exited with status None for try_number 1
[2021-02-04 23:19:09,165] {scheduler_job.py:1334} INFO - Executor reports execution of tutorial.print_date execution_date=2021-01-25 22:48:35.634785+00:00 exited with status None for try_number 1
[2021-02-04 23:19:09,166] {scheduler_job.py:1334} INFO - Executor reports execution of tutorial.templated execution_date=2021-02-03 00:00:00+00:00 exited with status None for try_number 1
[2021-02-04 23:19:09,166] {scheduler_job.py:1334} INFO - Executor reports execution of tutorial.sleep execution_date=2021-01-26 00:00:00+00:00 exited with status None for try_number 1
[2021-02-04 23:19:09,166] {scheduler_job.py:1334} INFO - Executor reports execution of tutorial.templated execution_date=2021-01-27 00:00:00+00:00 exited with status None for try_number 1
[2021-02-04 23:19:09,167] {scheduler_job.py:1334} INFO - Executor reports execution of tutorial.templated execution_date=2021-02-01 00:00:00+00:00 exited with status None for try_number 1
[2021-02-04 23:19:09,173] {scheduler_job.py:1334} INFO - Executor reports execution of tutorial.templated execution_date=2021-01-25 00:00:00+00:00 exited with status None for try_number 1
[2021-02-04 23:19:09,173] {scheduler_job.py:1334} INFO - Executor reports execution of tutorial.sleep execution_date=2021-01-31 00:00:00+00:00 exited with status None for try_number 1
[2021-02-04 23:19:11,328] {scheduler_job.py:963} INFO - 1 tasks up for execution:
	<TaskInstance: test_pod_xcom.write-xcom 2021-02-04 22:34:12.370463+00:00 [scheduled]>
[2021-02-04 23:19:11,411] {scheduler_job.py:997} INFO - Figuring out tasks to run in Pool(name=default_pool) with 128 open slots and 1 task instances ready to be queued
[2021-02-04 23:19:11,415] {scheduler_job.py:1025} INFO - DAG test_pod_xcom has 0/16 running and queued tasks
[2021-02-04 23:19:11,616] {scheduler_job.py:1085} INFO - Setting the following tasks to queued state:
	<TaskInstance: test_pod_xcom.write-xcom 2021-02-04 22:34:12.370463+00:00 [scheduled]>
[2021-02-04 23:19:12,709] {scheduler_job.py:1159} INFO - Setting the following 1 tasks to queued state:
	<TaskInstance: test_pod_xcom.write-xcom 2021-02-04 22:34:12.370463+00:00 [queued]>
[2021-02-04 23:19:12,710] {scheduler_job.py:1195} INFO - Sending ('test_pod_xcom', 'write-xcom', datetime.datetime(2021, 2, 4, 22, 34, 12, 370463, tzinfo=<TimezoneInfo [UTC, GMT, +00:00:00, STD]>), 1) to executor with priority 2 and queue default
[2021-02-04 23:19:12,710] {base_executor.py:58} INFO - Adding to queue: ['airflow', 'run', 'test_pod_xcom', 'write-xcom', '2021-02-04T22:34:12.370463+00:00', '--local', '--pool', 'default_pool', '-sd', '/home/airflow/dags/test_xcom.py']
[2021-02-04 23:19:12,711] {kubernetes_executor.py:792} INFO - Add task ('test_pod_xcom', 'write-xcom', datetime.datetime(2021, 2, 4, 22, 34, 12, 370463, tzinfo=<TimezoneInfo [UTC, GMT, +00:00:00, STD]>), 1) with command ['airflow', 'run', 'test_pod_xcom', 'write-xcom', '2021-02-04T22:34:12.370463+00:00', '--local', '--pool', 'default_pool', '-sd', '/home/airflow/dags/test_xcom.py'] with executor_config {}
[2021-02-04 23:19:12,729] {kubernetes_executor.py:429} INFO - Kubernetes job is (('test_pod_xcom', 'write-xcom', datetime.datetime(2021, 2, 4, 22, 34, 12, 370463, tzinfo=<TimezoneInfo [UTC, GMT, +00:00:00, STD]>), 1), ['airflow', 'run', 'test_pod_xcom', 'write-xcom', '2021-02-04T22:34:12.370463+00:00', '--local', '--pool', 'default_pool', '-sd', '/home/airflow/dags/test_xcom.py'], None)
/usr/local/lib/python3.7/site-packages/airflow/kubernetes/pod_launcher.py:330: DeprecationWarning: Using `airflow.contrib.kubernetes.pod.Pod` is deprecated. Please use `k8s.V1Pod`.
  security_context=_extract_security_context(pod.spec.security_context)
/usr/local/lib/python3.7/site-packages/airflow/kubernetes/pod_launcher.py:77: DeprecationWarning: Using `airflow.contrib.kubernetes.pod.Pod` is deprecated. Please use `k8s.V1Pod` instead.
  pod = self._mutate_pod_backcompat(pod)
[2021-02-04 23:19:13,494] {kubernetes_executor.py:327} INFO - Event: testpodxcomwritexcom-44acd862eb344b57930beb56076bd7b7 had an event of type ADDED
[2021-02-04 23:19:13,494] {kubernetes_executor.py:369} INFO - Event: testpodxcomwritexcom-44acd862eb344b57930beb56076bd7b7 Pending
[2021-02-04 23:19:13,514] {scheduler_job.py:1334} INFO - Executor reports execution of test_pod_xcom.write-xcom execution_date=2021-02-03 22:25:27.663999+00:00 exited with status failed for try_number 1
[2021-02-04 23:19:13,808] {kubernetes_executor.py:327} INFO - Event: testpodxcomwritexcom-44acd862eb344b57930beb56076bd7b7 had an event of type MODIFIED
[2021-02-04 23:19:13,809] {kubernetes_executor.py:369} INFO - Event: testpodxcomwritexcom-44acd862eb344b57930beb56076bd7b7 Pending
[2021-02-04 23:19:13,828] {kubernetes_executor.py:327} INFO - Event: testpodxcomwritexcom-44acd862eb344b57930beb56076bd7b7 had an event of type MODIFIED
[2021-02-04 23:19:13,828] {kubernetes_executor.py:369} INFO - Event: testpodxcomwritexcom-44acd862eb344b57930beb56076bd7b7 Pending
[2021-02-04 23:19:13,927] {scheduler_job.py:1334} INFO - Executor reports execution of test_pod_xcom.write-xcom execution_date=2021-02-03 22:19:41.804220+00:00 exited with status failed for try_number 1
[2021-02-04 23:19:14,004] {scheduler_job.py:1334} INFO - Executor reports execution of test_pod_xcom.pod_task_xcom_result execution_date=2021-02-03 22:19:41.804220+00:00 exited with status failed for try_number 1
[2021-02-04 23:19:14,129] {scheduler_job.py:1334} INFO - Executor reports execution of test_pod_xcom.write-xcom execution_date=2021-02-04 22:11:10.178189+00:00 exited with status failed for try_number 1
[2021-02-04 23:19:17,548] {kubernetes_executor.py:327} INFO - Event: testpodxcomwritexcom-44acd862eb344b57930beb56076bd7b7 had an event of type MODIFIED
[2021-02-04 23:19:17,600] {kubernetes_executor.py:369} INFO - Event: testpodxcomwritexcom-44acd862eb344b57930beb56076bd7b7 Pending
[2021-02-04 23:19:18,610] {kubernetes_executor.py:327} INFO - Event: testpodxcomwritexcom-44acd862eb344b57930beb56076bd7b7 had an event of type MODIFIED
[2021-02-04 23:19:18,611] {kubernetes_executor.py:369} INFO - Event: testpodxcomwritexcom-44acd862eb344b57930beb56076bd7b7 Pending
[2021-02-04 23:19:20,632] {kubernetes_executor.py:327} INFO - Event: testpodxcomwritexcom-44acd862eb344b57930beb56076bd7b7 had an event of type MODIFIED
[2021-02-04 23:19:20,632] {kubernetes_executor.py:369} INFO - Event: testpodxcomwritexcom-44acd862eb344b57930beb56076bd7b7 Pending
[2021-02-04 23:19:33,655] {kubernetes_executor.py:327} INFO - Event: testpodxcomwritexcom-44acd862eb344b57930beb56076bd7b7 had an event of type MODIFIED
[2021-02-04 23:19:33,655] {kubernetes_executor.py:369} INFO - Event: testpodxcomwritexcom-44acd862eb344b57930beb56076bd7b7 Pending
[2021-02-04 23:19:48,656] {kubernetes_executor.py:327} INFO - Event: testpodxcomwritexcom-44acd862eb344b57930beb56076bd7b7 had an event of type MODIFIED
[2021-02-04 23:19:48,657] {kubernetes_executor.py:369} INFO - Event: testpodxcomwritexcom-44acd862eb344b57930beb56076bd7b7 Pending
[2021-02-04 23:20:03,665] {kubernetes_executor.py:327} INFO - Event: testpodxcomwritexcom-44acd862eb344b57930beb56076bd7b7 had an event of type MODIFIED
[2021-02-04 23:20:03,665] {kubernetes_executor.py:369} INFO - Event: testpodxcomwritexcom-44acd862eb344b57930beb56076bd7b7 Pending
[2021-02-04 23:20:19,670] {kubernetes_executor.py:327} INFO - Event: testpodxcomwritexcom-44acd862eb344b57930beb56076bd7b7 had an event of type MODIFIED
[2021-02-04 23:20:19,670] {kubernetes_executor.py:369} INFO - Event: testpodxcomwritexcom-44acd862eb344b57930beb56076bd7b7 Pending
[2021-02-04 23:20:31,659] {kubernetes_executor.py:327} INFO - Event: testpodxcomwritexcom-44acd862eb344b57930beb56076bd7b7 had an event of type MODIFIED
[2021-02-04 23:20:31,659] {kubernetes_executor.py:369} INFO - Event: testpodxcomwritexcom-44acd862eb344b57930beb56076bd7b7 Pending
[2021-02-04 23:20:59,666] {kubernetes_executor.py:327} INFO - Event: testpodxcomwritexcom-44acd862eb344b57930beb56076bd7b7 had an event of type MODIFIED
[2021-02-04 23:20:59,667] {kubernetes_executor.py:369} INFO - Event: testpodxcomwritexcom-44acd862eb344b57930beb56076bd7b7 Pending
[2021-02-04 23:21:10,661] {kubernetes_executor.py:327} INFO - Event: testpodxcomwritexcom-44acd862eb344b57930beb56076bd7b7 had an event of type MODIFIED
[2021-02-04 23:21:10,662] {kubernetes_executor.py:369} INFO - Event: testpodxcomwritexcom-44acd862eb344b57930beb56076bd7b7 Pending
[2021-02-04 23:22:23,712] {kubernetes_executor.py:327} INFO - Event: testpodxcomwritexcom-44acd862eb344b57930beb56076bd7b7 had an event of type MODIFIED
[2021-02-04 23:22:23,713] {kubernetes_executor.py:369} INFO - Event: testpodxcomwritexcom-44acd862eb344b57930beb56076bd7b7 Pending
[2021-02-04 23:22:37,711] {kubernetes_executor.py:327} INFO - Event: testpodxcomwritexcom-44acd862eb344b57930beb56076bd7b7 had an event of type MODIFIED
[2021-02-04 23:22:37,712] {kubernetes_executor.py:369} INFO - Event: testpodxcomwritexcom-44acd862eb344b57930beb56076bd7b7 Pending
[2021-02-04 23:25:11,672] {kubernetes_executor.py:327} INFO - Event: testpodxcomwritexcom-44acd862eb344b57930beb56076bd7b7 had an event of type MODIFIED
[2021-02-04 23:25:11,672] {kubernetes_executor.py:369} INFO - Event: testpodxcomwritexcom-44acd862eb344b57930beb56076bd7b7 Pending
[2021-02-04 23:25:25,657] {kubernetes_executor.py:327} INFO - Event: testpodxcomwritexcom-44acd862eb344b57930beb56076bd7b7 had an event of type MODIFIED
[2021-02-04 23:25:25,657] {kubernetes_executor.py:369} INFO - Event: testpodxcomwritexcom-44acd862eb344b57930beb56076bd7b7 Pending
[2021-02-04 23:30:14,665] {kubernetes_executor.py:327} INFO - Event: testpodxcomwritexcom-44acd862eb344b57930beb56076bd7b7 had an event of type MODIFIED
[2021-02-04 23:30:14,665] {kubernetes_executor.py:369} INFO - Event: testpodxcomwritexcom-44acd862eb344b57930beb56076bd7b7 Pending
[2021-02-04 23:30:29,663] {kubernetes_executor.py:327} INFO - Event: testpodxcomwritexcom-44acd862eb344b57930beb56076bd7b7 had an event of type MODIFIED
[2021-02-04 23:30:29,664] {kubernetes_executor.py:369} INFO - Event: testpodxcomwritexcom-44acd862eb344b57930beb56076bd7b7 Pending
[2021-02-04 23:35:26,654] {kubernetes_executor.py:327} INFO - Event: testpodxcomwritexcom-44acd862eb344b57930beb56076bd7b7 had an event of type MODIFIED
[2021-02-04 23:35:26,655] {kubernetes_executor.py:369} INFO - Event: testpodxcomwritexcom-44acd862eb344b57930beb56076bd7b7 Pending
[2021-02-04 23:35:40,663] {kubernetes_executor.py:327} INFO - Event: testpodxcomwritexcom-44acd862eb344b57930beb56076bd7b7 had an event of type MODIFIED
[2021-02-04 23:35:40,664] {kubernetes_executor.py:369} INFO - Event: testpodxcomwritexcom-44acd862eb344b57930beb56076bd7b7 Pending
